*** Starting uWSGI 2.0.18 (64bit) on [Mon Nov 23 16:30:48 2020] ***
compiled with version: 7.5.0 on 10 March 2020 05:06:23
os: Linux-4.18.0-15-generic #16~18.04.1-Ubuntu SMP Thu Feb 7 14:06:04 UTC 2019
nodename: tedu
machine: x86_64
clock source: unix
detected number of CPU cores: 4
current working directory: /home/tarena/桌面/xuwenbin_demo/month03/django/day18/mysite8/mysite8
writing pidfile to uwsgi.pid
detected binary path: /usr/local/bin/uwsgi
!!! no internal routing support, rebuild with pcre support !!!
uWSGI running as root, you can use --uid/--gid/--chroot options
*** WARNING: you are running uWSGI as root !!! (use the --uid flag) *** 
chdir() to /home/tarena/桌面/xuwenbin_demo/month03/django/day18/mysite8 这里需要换为项目文件夹的绝对路径
chdir(): No such file or directory [core/uwsgi.c line 2623]
*** Starting uWSGI 2.0.18 (64bit) on [Mon Nov 23 16:42:59 2020] ***
compiled with version: 7.5.0 on 10 March 2020 05:06:23
os: Linux-4.18.0-15-generic #16~18.04.1-Ubuntu SMP Thu Feb 7 14:06:04 UTC 2019
nodename: tedu
machine: x86_64
clock source: unix
detected number of CPU cores: 4
current working directory: /home/tarena/桌面/xuwenbin_demo/month03/django/day18/mysite8/mysite8
writing pidfile to uwsgi.pid
detected binary path: /usr/local/bin/uwsgi
!!! no internal routing support, rebuild with pcre support !!!
uWSGI running as root, you can use --uid/--gid/--chroot options
*** WARNING: you are running uWSGI as root !!! (use the --uid flag) *** 
chdir() to /home/tarena/桌面/xuwenbin_demo/month03/django/day18/mysite8
your processes number limit is 31115
your memory page size is 4096 bytes
detected max file descriptor number: 1024
lock engine: pthread robust mutexes
thunder lock: disabled (you can enable it with --thunder-lock)
uWSGI http bound on 127.0.0.1:8000 fd 4
uwsgi socket 0 bound to TCP address 127.0.0.1:37587 (port auto-assigned) fd 3
uWSGI running as root, you can use --uid/--gid/--chroot options
*** WARNING: you are running uWSGI as root !!! (use the --uid flag) *** 
Python version: 3.6.9 (default, Nov  7 2019, 10:44:02)  [GCC 8.3.0]
Python main interpreter initialized at 0x5570e9a61e40
uWSGI running as root, you can use --uid/--gid/--chroot options
*** WARNING: you are running uWSGI as root !!! (use the --uid flag) *** 
python threads support enabled
your server socket listen backlog is limited to 100 connections
your mercy for graceful operations on workers is 60 seconds
mapped 166752 bytes (162 KB) for 2 cores
*** Operational MODE: threaded ***
WSGI app 0 (mountpoint='') ready in 0 seconds on interpreter 0x5570e9a61e40 pid: 323 (default app)
uWSGI running as root, you can use --uid/--gid/--chroot options
*** WARNING: you are running uWSGI as root !!! (use the --uid flag) *** 
*** uWSGI is running in multiple interpreter mode ***
spawned uWSGI master process (pid: 323)
spawned uWSGI worker 1 (pid: 327, cores: 2)
spawned uWSGI http 1 (pid: 329)
[pid: 327|app: 0|req: 1/1] 127.0.0.1 () {38 vars in 761 bytes} [Mon Nov 23 16:43:43 2020] GET /test_upload => generated 377 bytes in 62 msecs (HTTP/1.1 200) 3 headers in 109 bytes (1 switches on core 0)
SIGINT/SIGQUIT received...killing workers...
gateway "uWSGI http 1" has been buried (pid: 329)
worker 1 buried after 1 seconds
goodbye to uWSGI.
*** Starting uWSGI 2.0.18 (64bit) on [Tue Nov 24 10:10:50 2020] ***
compiled with version: 7.5.0 on 10 March 2020 05:06:23
os: Linux-4.18.0-15-generic #16~18.04.1-Ubuntu SMP Thu Feb 7 14:06:04 UTC 2019
nodename: tedu
machine: x86_64
clock source: unix
detected number of CPU cores: 4
current working directory: /home/tarena/桌面/xuwenbin_demo/month03/django/day18/mysite8/mysite8
writing pidfile to uwsgi.pid
detected binary path: /usr/local/bin/uwsgi
!!! no internal routing support, rebuild with pcre support !!!
uWSGI running as root, you can use --uid/--gid/--chroot options
*** WARNING: you are running uWSGI as root !!! (use the --uid flag) *** 
chdir() to /home/tarena/桌面/xuwenbin_demo/month03/django/day18/mysite8
your processes number limit is 31115
your memory page size is 4096 bytes
detected max file descriptor number: 1024
lock engine: pthread robust mutexes
thunder lock: disabled (you can enable it with --thunder-lock)
uWSGI http bound on 127.0.0.1:8000 fd 4
uwsgi socket 0 bound to TCP address 127.0.0.1:34367 (port auto-assigned) fd 3
uWSGI running as root, you can use --uid/--gid/--chroot options
*** WARNING: you are running uWSGI as root !!! (use the --uid flag) *** 
Python version: 3.6.9 (default, Nov  7 2019, 10:44:02)  [GCC 8.3.0]
Python main interpreter initialized at 0x5642cdecfe40
uWSGI running as root, you can use --uid/--gid/--chroot options
*** WARNING: you are running uWSGI as root !!! (use the --uid flag) *** 
python threads support enabled
your server socket listen backlog is limited to 100 connections
your mercy for graceful operations on workers is 60 seconds
mapped 166752 bytes (162 KB) for 2 cores
*** Operational MODE: threaded ***
WSGI app 0 (mountpoint='') ready in 3 seconds on interpreter 0x5642cdecfe40 pid: 7244 (default app)
uWSGI running as root, you can use --uid/--gid/--chroot options
*** WARNING: you are running uWSGI as root !!! (use the --uid flag) *** 
*** uWSGI is running in multiple interpreter mode ***
spawned uWSGI master process (pid: 7244)
spawned uWSGI worker 1 (pid: 7247, cores: 2)
spawned uWSGI http 1 (pid: 7249)
[pid: 7247|app: 0|req: 1/1] 127.0.0.1 () {44 vars in 779 bytes} [Tue Nov 24 10:11:30 2020] GET /test_upload => generated 377 bytes in 386 msecs (HTTP/1.1 200) 3 headers in 109 bytes (1 switches on core 0)
[pid: 7247|app: 0|req: 2/2] 127.0.0.1 () {42 vars in 686 bytes} [Tue Nov 24 10:11:31 2020] GET /favicon.ico => generated 77 bytes in 2 msecs (HTTP/1.1 404) 3 headers in 100 bytes (1 switches on core 1)
SIGINT/SIGQUIT received...killing workers...
gateway "uWSGI http 1" has been buried (pid: 7249)
worker 1 buried after 1 seconds
goodbye to uWSGI.
*** Starting uWSGI 2.0.18 (64bit) on [Tue Nov 24 10:22:14 2020] ***
compiled with version: 7.5.0 on 10 March 2020 05:06:23
os: Linux-4.18.0-15-generic #16~18.04.1-Ubuntu SMP Thu Feb 7 14:06:04 UTC 2019
nodename: tedu
machine: x86_64
clock source: unix
detected number of CPU cores: 4
current working directory: /home/tarena/桌面/xuwenbin_demo/month03/django/day18/mysite8/mysite8
writing pidfile to uwsgi.pid
detected binary path: /usr/local/bin/uwsgi
!!! no internal routing support, rebuild with pcre support !!!
uWSGI running as root, you can use --uid/--gid/--chroot options
*** WARNING: you are running uWSGI as root !!! (use the --uid flag) *** 
chdir() to /home/tarena/桌面/xuwenbin_demo/month03/django/day18/mysite8
your processes number limit is 31115
your memory page size is 4096 bytes
detected max file descriptor number: 1024
lock engine: pthread robust mutexes
thunder lock: disabled (you can enable it with --thunder-lock)
uwsgi socket 0 bound to TCP address 127.0.0.1:8000 fd 3
uWSGI running as root, you can use --uid/--gid/--chroot options
*** WARNING: you are running uWSGI as root !!! (use the --uid flag) *** 
Python version: 3.6.9 (default, Nov  7 2019, 10:44:02)  [GCC 8.3.0]
Python main interpreter initialized at 0x555f53f83d50
uWSGI running as root, you can use --uid/--gid/--chroot options
*** WARNING: you are running uWSGI as root !!! (use the --uid flag) *** 
python threads support enabled
your server socket listen backlog is limited to 100 connections
your mercy for graceful operations on workers is 60 seconds
mapped 166752 bytes (162 KB) for 2 cores
*** Operational MODE: threaded ***
WSGI app 0 (mountpoint='') ready in 1 seconds on interpreter 0x555f53f83d50 pid: 7557 (default app)
uWSGI running as root, you can use --uid/--gid/--chroot options
*** WARNING: you are running uWSGI as root !!! (use the --uid flag) *** 
*** uWSGI is running in multiple interpreter mode ***
spawned uWSGI master process (pid: 7557)
spawned uWSGI worker 1 (pid: 7560, cores: 2)
[pid: 7560|app: 0|req: 1/1] 127.0.0.1 () {48 vars in 821 bytes} [Tue Nov 24 10:22:45 2020] GET /test_upload => generated 377 bytes in 54 msecs (HTTP/1.1 200) 3 headers in 109 bytes (1 switches on core 0)
[pid: 7560|app: 0|req: 2/2] 127.0.0.1 () {46 vars in 723 bytes} [Tue Nov 24 10:22:45 2020] GET /favicon.ico => generated 77 bytes in 2 msecs (HTTP/1.1 404) 3 headers in 100 bytes (1 switches on core 1)
[pid: 7560|app: 0|req: 3/3] 127.0.0.1 () {50 vars in 852 bytes} [Tue Nov 24 10:22:52 2020] GET /test_upload => generated 377 bytes in 3 msecs (HTTP/1.1 200) 3 headers in 109 bytes (1 switches on core 0)
[pid: 7560|app: 0|req: 4/4] 127.0.0.1 () {50 vars in 852 bytes} [Tue Nov 24 10:27:11 2020] GET /test_upload => generated 377 bytes in 3 msecs (HTTP/1.1 200) 3 headers in 109 bytes (1 switches on core 0)
[pid: 7560|app: 0|req: 5/5] 127.0.0.1 () {48 vars in 809 bytes} [Tue Nov 24 10:47:44 2020] GET /admin => generated 0 bytes in 20 msecs (HTTP/1.1 301) 3 headers in 112 bytes (1 switches on core 1)
[pid: 7560|app: 0|req: 6/6] 127.0.0.1 () {48 vars in 811 bytes} [Tue Nov 24 10:47:44 2020] GET /admin/ => generated 0 bytes in 93 msecs (HTTP/1.1 302) 7 headers in 265 bytes (1 switches on core 0)
[pid: 7560|app: 0|req: 7/7] 127.0.0.1 () {48 vars in 848 bytes} [Tue Nov 24 10:47:44 2020] GET /admin/login/?next=/admin/ => generated 1821 bytes in 189 msecs (HTTP/1.1 200) 7 headers in 395 bytes (1 switches on core 1)
[pid: 7560|app: 0|req: 8/8] 127.0.0.1 () {60 vars in 1181 bytes} [Tue Nov 24 10:47:51 2020] POST /admin/login/?next=/admin/ => generated 1956 bytes in 401 msecs (HTTP/1.1 200) 7 headers in 395 bytes (1 switches on core 0)
[pid: 7560|app: 0|req: 9/9] 127.0.0.1 () {60 vars in 1181 bytes} [Tue Nov 24 10:48:10 2020] POST /admin/login/?next=/admin/ => generated 1956 bytes in 112 msecs (HTTP/1.1 200) 7 headers in 395 bytes (1 switches on core 1)
[pid: 7560|app: 0|req: 10/10] 127.0.0.1 () {60 vars in 1181 bytes} [Tue Nov 24 10:48:16 2020] POST /admin/login/?next=/admin/ => generated 1956 bytes in 122 msecs (HTTP/1.1 200) 7 headers in 395 bytes (1 switches on core 0)
[pid: 7560|app: 0|req: 11/11] 127.0.0.1 () {60 vars in 1181 bytes} [Tue Nov 24 10:48:19 2020] POST /admin/login/?next=/admin/ => generated 1956 bytes in 126 msecs (HTTP/1.1 200) 7 headers in 395 bytes (1 switches on core 1)
[pid: 7560|app: 0|req: 12/12] 127.0.0.1 () {60 vars in 1181 bytes} [Tue Nov 24 10:48:24 2020] POST /admin/login/?next=/admin/ => generated 1956 bytes in 120 msecs (HTTP/1.1 200) 7 headers in 395 bytes (1 switches on core 0)
[pid: 7560|app: 0|req: 13/13] 127.0.0.1 () {60 vars in 1181 bytes} [Tue Nov 24 10:49:13 2020] POST /admin/login/?next=/admin/ => generated 0 bytes in 310 msecs (HTTP/1.1 302) 9 headers in 559 bytes (1 switches on core 1)
[pid: 7560|app: 0|req: 14/14] 127.0.0.1 () {54 vars in 1040 bytes} [Tue Nov 24 10:49:13 2020] GET /admin/ => generated 3597 bytes in 114 msecs (HTTP/1.1 200) 6 headers in 227 bytes (1 switches on core 0)
[pid: 7560|app: 0|req: 15/15] 127.0.0.1 () {50 vars in 938 bytes} [Tue Nov 24 11:14:53 2020] GET /www => generated 77 bytes in 3 msecs (HTTP/1.1 404) 3 headers in 100 bytes (1 switches on core 1)
[pid: 7560|app: 0|req: 16/16] 127.0.0.1 () {50 vars in 938 bytes} [Tue Nov 24 11:15:00 2020] GET /404 => generated 77 bytes in 2 msecs (HTTP/1.1 404) 3 headers in 100 bytes (1 switches on core 0)
*** Starting uWSGI 2.0.18 (64bit) on [Tue Nov 24 11:18:01 2020] ***
compiled with version: 7.5.0 on 10 March 2020 05:06:23
os: Linux-4.18.0-15-generic #16~18.04.1-Ubuntu SMP Thu Feb 7 14:06:04 UTC 2019
nodename: tedu
machine: x86_64
clock source: unix
detected number of CPU cores: 4
current working directory: /home/tarena/桌面/xuwenbin_demo/month03/django/day18/mysite8/mysite8
writing pidfile to uwsgi.pid
detected binary path: /usr/local/bin/uwsgi
!!! no internal routing support, rebuild with pcre support !!!
uWSGI running as root, you can use --uid/--gid/--chroot options
*** WARNING: you are running uWSGI as root !!! (use the --uid flag) *** 
chdir() to /home/tarena/桌面/xuwenbin_demo/month03/django/day18/mysite8
your processes number limit is 31115
your memory page size is 4096 bytes
detected max file descriptor number: 1024
lock engine: pthread robust mutexes
thunder lock: disabled (you can enable it with --thunder-lock)
probably another instance of uWSGI is running on the same address (127.0.0.1:8000).
bind(): Address already in use [core/socket.c line 769]
[pid: 7560|app: 0|req: 17/17] 127.0.0.1 () {52 vars in 969 bytes} [Tue Nov 24 11:18:09 2020] GET /404 => generated 77 bytes in 1 msecs (HTTP/1.1 404) 3 headers in 100 bytes (1 switches on core 1)
[pid: 7560|app: 0|req: 18/18] 127.0.0.1 () {50 vars in 932 bytes} [Tue Nov 24 11:18:13 2020] GET / => generated 77 bytes in 2 msecs (HTTP/1.1 404) 3 headers in 100 bytes (1 switches on core 1)
[pid: 7560|app: 0|req: 19/19] 127.0.0.1 () {52 vars in 963 bytes} [Tue Nov 24 11:18:15 2020] GET / => generated 77 bytes in 2 msecs (HTTP/1.1 404) 3 headers in 100 bytes (1 switches on core 0)
invalid request block size: 21573 (max 4096)...skip
invalid request block size: 21573 (max 4096)...skip
invalid request block size: 21573 (max 4096)...skip
invalid request block size: 21573 (max 4096)...skip
[pid: 7560|app: 0|req: 20/20] 127.0.0.1 () {50 vars in 932 bytes} [Tue Nov 24 11:18:30 2020] GET / => generated 77 bytes in 2 msecs (HTTP/1.1 404) 3 headers in 100 bytes (1 switches on core 0)
[pid: 7560|app: 0|req: 21/21] 127.0.0.1 () {50 vars in 954 bytes} [Tue Nov 24 11:18:43 2020] GET /test_upload => generated 377 bytes in 1 msecs (HTTP/1.1 200) 3 headers in 109 bytes (1 switches on core 1)
[pid: 7560|app: 0|req: 22/22] 127.0.0.1 () {50 vars in 958 bytes} [Tue Nov 24 11:18:47 2020] GET /test_upload/x => generated 77 bytes in 3 msecs (HTTP/1.1 404) 3 headers in 100 bytes (1 switches on core 1)
*** Starting uWSGI 2.0.18 (64bit) on [Tue Nov 24 11:23:56 2020] ***
compiled with version: 7.5.0 on 10 March 2020 05:06:23
os: Linux-4.18.0-15-generic #16~18.04.1-Ubuntu SMP Thu Feb 7 14:06:04 UTC 2019
nodename: tedu
machine: x86_64
clock source: unix
detected number of CPU cores: 4
current working directory: /home/tarena/桌面/xuwenbin_demo/month03/django/day18/mysite8/mysite8
writing pidfile to uwsgi.pid
detected binary path: /usr/local/bin/uwsgi
!!! no internal routing support, rebuild with pcre support !!!
uWSGI running as root, you can use --uid/--gid/--chroot options
*** WARNING: you are running uWSGI as root !!! (use the --uid flag) *** 
chdir() to /home/tarena/桌面/xuwenbin_demo/month03/django/day18/mysite8
your processes number limit is 31115
your memory page size is 4096 bytes
detected max file descriptor number: 1024
lock engine: pthread robust mutexes
thunder lock: disabled (you can enable it with --thunder-lock)
uwsgi socket 0 bound to TCP address 127.0.0.1:8000 fd 3
uWSGI running as root, you can use --uid/--gid/--chroot options
*** WARNING: you are running uWSGI as root !!! (use the --uid flag) *** 
Python version: 3.6.9 (default, Nov  7 2019, 10:44:02)  [GCC 8.3.0]
Python main interpreter initialized at 0x565100ef1d50
uWSGI running as root, you can use --uid/--gid/--chroot options
*** WARNING: you are running uWSGI as root !!! (use the --uid flag) *** 
python threads support enabled
your server socket listen backlog is limited to 100 connections
your mercy for graceful operations on workers is 60 seconds
mapped 166752 bytes (162 KB) for 2 cores
*** Operational MODE: threaded ***
WSGI app 0 (mountpoint='') ready in 0 seconds on interpreter 0x565100ef1d50 pid: 15214 (default app)
uWSGI running as root, you can use --uid/--gid/--chroot options
*** WARNING: you are running uWSGI as root !!! (use the --uid flag) *** 
*** uWSGI is running in multiple interpreter mode ***
spawned uWSGI master process (pid: 15214)
spawned uWSGI worker 1 (pid: 15216, cores: 2)
[pid: 15216|app: 0|req: 1/1] 127.0.0.1 () {52 vars in 989 bytes} [Tue Nov 24 11:24:05 2020] GET /test_upload/x => generated 77 bytes in 63 msecs (HTTP/1.1 404) 3 headers in 100 bytes (1 switches on core 0)
[pid: 15216|app: 0|req: 2/2] 127.0.0.1 () {52 vars in 989 bytes} [Tue Nov 24 11:24:55 2020] GET /test_upload/x => generated 77 bytes in 4 msecs (HTTP/1.1 404) 3 headers in 100 bytes (1 switches on core 1)
[pid: 15216|app: 0|req: 3/3] 127.0.0.1 () {50 vars in 966 bytes} [Tue Nov 24 11:25:02 2020] GET /test_upload/xhggg => generated 77 bytes in 1 msecs (HTTP/1.1 404) 3 headers in 100 bytes (1 switches on core 0)
SIGINT/SIGQUIT received...killing workers...
worker 1 buried after 1 seconds
goodbye to uWSGI.
*** Starting uWSGI 2.0.18 (64bit) on [Tue Nov 24 11:25:35 2020] ***
compiled with version: 7.5.0 on 10 March 2020 05:06:23
os: Linux-4.18.0-15-generic #16~18.04.1-Ubuntu SMP Thu Feb 7 14:06:04 UTC 2019
nodename: tedu
machine: x86_64
clock source: unix
detected number of CPU cores: 4
current working directory: /home/tarena/桌面/xuwenbin_demo/month03/django/day18/mysite8/mysite8
writing pidfile to uwsgi.pid
detected binary path: /usr/local/bin/uwsgi
!!! no internal routing support, rebuild with pcre support !!!
uWSGI running as root, you can use --uid/--gid/--chroot options
*** WARNING: you are running uWSGI as root !!! (use the --uid flag) *** 
chdir() to /home/tarena/桌面/xuwenbin_demo/month03/django/day18/mysite8
your processes number limit is 31115
your memory page size is 4096 bytes
detected max file descriptor number: 1024
lock engine: pthread robust mutexes
thunder lock: disabled (you can enable it with --thunder-lock)
uwsgi socket 0 bound to TCP address 127.0.0.1:8000 fd 3
uWSGI running as root, you can use --uid/--gid/--chroot options
*** WARNING: you are running uWSGI as root !!! (use the --uid flag) *** 
Python version: 3.6.9 (default, Nov  7 2019, 10:44:02)  [GCC 8.3.0]
Python main interpreter initialized at 0x55fd21c5cd50
uWSGI running as root, you can use --uid/--gid/--chroot options
*** WARNING: you are running uWSGI as root !!! (use the --uid flag) *** 
python threads support enabled
your server socket listen backlog is limited to 100 connections
your mercy for graceful operations on workers is 60 seconds
mapped 166752 bytes (162 KB) for 2 cores
*** Operational MODE: threaded ***
WSGI app 0 (mountpoint='') ready in 0 seconds on interpreter 0x55fd21c5cd50 pid: 15350 (default app)
uWSGI running as root, you can use --uid/--gid/--chroot options
*** WARNING: you are running uWSGI as root !!! (use the --uid flag) *** 
*** uWSGI is running in multiple interpreter mode ***
spawned uWSGI master process (pid: 15350)
spawned uWSGI worker 1 (pid: 15352, cores: 2)
[pid: 15352|app: 0|req: 1/1] 127.0.0.1 () {52 vars in 997 bytes} [Tue Nov 24 11:25:41 2020] GET /test_upload/xhggg => generated 143 bytes in 46 msecs (HTTP/1.1 404) 3 headers in 116 bytes (1 switches on core 0)
